WARNING:__main__:Empty request
INFO:__main__:Fetched MKKGY year 2022
WARNING:__main__:Empty request
INFO:__main__:Fetched MKKGY year 2021
WARNING:__main__:Empty request
INFO:__main__:Fetched MKKGY year 2020
WARNING:__main__:Empty request
INFO:__main__:Fetched MKKGY year 2019
WARNING:__main__:Empty request
INFO:__main__:Fetched MKKGY year 2018
WARNING:__main__:Empty request
INFO:__main__:Fetched MKKGY year 2017
WARNING:__main__:Empty request
INFO:__main__:Fetched MKKGY year 2016
WARNING:__main__:Empty request
INFO:__main__:Fetched MKKGY year 2015
INFO:__main__:symbol MKKGY
INFO:__main__:Fetched MBI year 2022
INFO:__main__:Fetched MBI year 2021
INFO:__main__:Fetched MBI year 2020
INFO:__main__:Fetched MBI year 2019
INFO:__main__:Fetched MBI year 2018
INFO:__main__:Fetched MBI year 2017
INFO:__main__:Fetched MBI year 2016
INFO:__main__:Fetched MBI year 2015
INFO:__main__:symbol MBI
INFO:__main__:Fetched EL year 2022
INFO:__main__:Fetched EL year 2021
INFO:__main__:Fetched EL year 2020
INFO:__main__:Fetched EL year 2019
INFO:__main__:Fetched EL year 2018
INFO:__main__:Fetched EL year 2017
INFO:__main__:Fetched EL year 2016
INFO:__main__:Fetched EL year 2015
INFO:__main__:symbol EL
INFO:__main__:Fetched ADI year 2022
INFO:__main__:Fetched ADI year 2021
INFO:__main__:Fetched ADI year 2020
INFO:__main__:Fetched ADI year 2019
INFO:__main__:Fetched ADI year 2018
INFO:__main__:Fetched ADI year 2017
INFO:__main__:Fetched ADI year 2016
INFO:__main__:Fetched ADI year 2015
INFO:__main__:symbol ADI
INFO:__main__:Fetched GIW year 2022
INFO:__main__:Fetched GIW year 2021
WARNING:__main__:Empty request
INFO:__main__:Fetched GIW year 2020
WARNING:__main__:Empty request
INFO:__main__:Fetched GIW year 2019
WARNING:__main__:Empty request
INFO:__main__:Fetched GIW year 2018
WARNING:__main__:Empty request
INFO:__main__:Fetched GIW year 2017
WARNING:__main__:Empty request
INFO:__main__:Fetched GIW year 2016
WARNING:__main__:Empty request
INFO:__main__:Fetched GIW year 2015
INFO:__main__:symbol GIW
INFO:__main__:Fetched GKOS year 2022
INFO:__main__:Fetched GKOS year 2021
INFO:__main__:Fetched GKOS year 2020
INFO:__main__:Fetched GKOS year 2019
INFO:__main__:Fetched GKOS year 2018
INFO:__main__:Fetched GKOS year 2017
INFO:__main__:Fetched GKOS year 2016
INFO:__main__:Fetched GKOS year 2015
INFO:__main__:symbol GKOS
INFO:__main__:Fetched IMAX year 2022
INFO:__main__:Fetched IMAX year 2021
INFO:__main__:Fetched IMAX year 2020
INFO:__main__:Fetched IMAX year 2019
INFO:__main__:Fetched IMAX year 2018
INFO:__main__:Fetched IMAX year 2017
INFO:__main__:Fetched IMAX year 2016
INFO:__main__:Fetched IMAX year 2015
INFO:__main__:symbol IMAX
INFO:__main__:Fetched BBD year 2022
INFO:__main__:Fetched BBD year 2021
INFO:__main__:Fetched BBD year 2020
INFO:__main__:Fetched BBD year 2019
INFO:__main__:Fetched BBD year 2018
INFO:__main__:Fetched BBD year 2017
INFO:__main__:Fetched BBD year 2016
INFO:__main__:Fetched BBD year 2015
INFO:__main__:symbol BBD
INFO:__main__:Fetched BSAC year 2022
INFO:__main__:Fetched BSAC year 2021
INFO:__main__:Fetched BSAC year 2020
INFO:__main__:Fetched BSAC year 2019
INFO:__main__:Fetched BSAC year 2018
INFO:__main__:Fetched BSAC year 2017
INFO:__main__:Fetched BSAC year 2016
INFO:__main__:Fetched BSAC year 2015
INFO:__main__:symbol BSAC
INFO:__main__:Fetched PRK year 2022
INFO:__main__:Fetched PRK year 2021
INFO:__main__:Fetched PRK year 2020
INFO:__main__:Fetched PRK year 2019
INFO:__main__:Fetched PRK year 2018
INFO:__main__:Fetched PRK year 2017
INFO:__main__:Fetched PRK year 2016
INFO:__main__:Fetched PRK year 2015
INFO:__main__:symbol PRK
